This file contains any messages produced by compilers while
running configure, to aid debugging if configure makes a mistake.

It was created by OpenAnalysis configure 1.0, which was
generated by GNU Autoconf 2.61.  Invocation command line was

  $ ../configure --prefix=/data/home/garvin/research/OpenAnalysis/x86_64-Linux

## --------- ##
## Platform. ##
## --------- ##

hostname = andre1.cs.rice.edu
uname -m = x86_64
uname -r = 2.6.25-perfctr
uname -s = Linux
uname -v = #1 SMP Fri Aug 1 22:19:55 CDT 2008

/usr/bin/uname -p = unknown
/bin/uname -X     = unknown

/bin/arch              = x86_64
/usr/bin/arch -k       = unknown
/usr/convex/getsysinfo = unknown
/usr/bin/hostinfo      = unknown
/bin/machine           = unknown
/usr/bin/oslevel       = unknown
/bin/universe          = unknown

PATH: /projects/pkgs/hpctoolkit/bin
PATH: /projects/pkgs/java/bin
PATH: /home/garvin/bin
PATH: /home/garvin/research/rcompiler-install/R-2.1.1/bin
PATH: /home/garvin/research/rcompiler-install/rcc/bin
PATH: /bin
PATH: /usr/bin
PATH: /usr/sbin
PATH: /sbin
PATH: /usr/etc
PATH: /usr/ccs/bin
PATH: /usr/ucb
PATH: /usr/site/ssh/bin
PATH: /usr/local/bin


## ----------- ##
## Core tests. ##
## ----------- ##

configure:1804: checking for a BSD-compatible install
configure:1860: result: /usr/bin/install -c
configure:1871: checking whether build environment is sane
configure:1914: result: yes
configure:1942: checking for a thread-safe mkdir -p
configure:1981: result: /bin/mkdir -p
configure:1994: checking for gawk
configure:2010: found /bin/gawk
configure:2021: result: gawk
configure:2032: checking whether make sets $(MAKE)
configure:2053: result: yes
configure:2249: checking build system type
configure:2267: result: x86_64-unknown-linux-gnu
configure:2289: checking host system type
configure:2304: result: x86_64-unknown-linux-gnu
configure:2327: INFO: On entry: CXX= CXXFLAGS=
configure:2404: checking for g++
configure:2420: found /usr/bin/g++
configure:2431: result: g++
configure:2462: checking for C++ compiler version
configure:2469: g++ --version >&5
g++ (GCC) 4.1.2 20070925 (Red Hat 4.1.2-27)
Copyright (C) 2006 Free Software Foundation, Inc.
This is free software; see the source for copying conditions.  There is NO
warranty; not even for MERCHANTABILITY or FITNESS FOR A PARTICULAR PURPOSE.

configure:2472: $? = 0
configure:2479: g++ -v >&5
Using built-in specs.
Target: x86_64-redhat-linux
Configured with: ../configure --prefix=/usr --mandir=/usr/share/man --infodir=/usr/share/info --enable-shared --enable-threads=posix --enable-checking=release --with-system-zlib --enable-__cxa_atexit --disable-libunwind-exceptions --enable-languages=c,c++,objc,obj-c++,java,fortran,ada --enable-java-awt=gtk --disable-dssi --enable-plugin --with-java-home=/usr/lib/jvm/java-1.5.0-gcj-1.5.0.0/jre --enable-libgcj-multifile --enable-java-maintainer-mode --with-ecj-jar=/usr/share/java/eclipse-ecj.jar --with-cpu=generic --host=x86_64-redhat-linux
Thread model: posix
gcc version 4.1.2 20070925 (Red Hat 4.1.2-27)
configure:2482: $? = 0
configure:2489: g++ -V >&5
g++: '-V' option must have argument
configure:2492: $? = 1
configure:2515: checking for C++ compiler default output file name
configure:2542: g++    conftest.cpp  >&5
configure:2545: $? = 0
configure:2583: result: a.out
configure:2600: checking whether the C++ compiler works
configure:2610: ./a.out
configure:2613: $? = 0
configure:2630: result: yes
configure:2637: checking whether we are cross compiling
configure:2639: result: no
configure:2642: checking for suffix of executables
configure:2649: g++ -o conftest    conftest.cpp  >&5
configure:2652: $? = 0
configure:2676: result: 
configure:2682: checking for suffix of object files
configure:2708: g++ -c   conftest.cpp >&5
configure:2711: $? = 0
configure:2734: result: o
configure:2738: checking whether we are using the GNU C++ compiler
configure:2767: g++ -c   conftest.cpp >&5
configure:2773: $? = 0
configure:2790: result: yes
configure:2795: checking whether g++ accepts -g
configure:2825: g++ -c -g  conftest.cpp >&5
configure:2831: $? = 0
configure:2930: result: yes
configure:2964: checking for style of include used by make
configure:2992: result: GNU
configure:3017: checking dependency style of g++
configure:3108: result: gcc3
configure:3128: checking how to run the C++ preprocessor
configure:3164: g++ -E  conftest.cpp
configure:3170: $? = 0
configure:3201: g++ -E  conftest.cpp
conftest.cpp:10:28: error: ac_nonexistent.h: No such file or directory
configure:3207: $? = 1
configure: failed program was:
| /* confdefs.h.  */
| #define PACKAGE_NAME "OpenAnalysis"
| #define PACKAGE_TARNAME "OpenAnalysis"
| #define PACKAGE_VERSION "1.0"
| #define PACKAGE_STRING "OpenAnalysis 1.0"
| #define PACKAGE_BUGREPORT "openanalysis-dev@lists.berlios.de"
| #define PACKAGE "OpenAnalysis"
| #define VERSION "1.0"
| /* end confdefs.h.  */
| #include <ac_nonexistent.h>
configure:3240: result: g++ -E
configure:3269: g++ -E  conftest.cpp
configure:3275: $? = 0
configure:3306: g++ -E  conftest.cpp
conftest.cpp:10:28: error: ac_nonexistent.h: No such file or directory
configure:3312: $? = 1
configure: failed program was:
| /* confdefs.h.  */
| #define PACKAGE_NAME "OpenAnalysis"
| #define PACKAGE_TARNAME "OpenAnalysis"
| #define PACKAGE_VERSION "1.0"
| #define PACKAGE_STRING "OpenAnalysis 1.0"
| #define PACKAGE_BUGREPORT "openanalysis-dev@lists.berlios.de"
| #define PACKAGE "OpenAnalysis"
| #define VERSION "1.0"
| /* end confdefs.h.  */
| #include <ac_nonexistent.h>
configure:3392: checking for ranlib
configure:3408: found /usr/bin/ranlib
configure:3419: result: ranlib
configure:3458: checking for a BSD-compatible install
configure:3514: result: /usr/bin/install -c
configure:3526: INFO: After check: CXX=g++ CXXFLAGS=
configure:3540: checking for grep that handles long lines and -e
configure:3614: result: /bin/grep
configure:3619: checking for egrep
configure:3697: result: /bin/grep -E
configure:3702: checking for ANSI C header files
configure:3732: g++ -c   conftest.cpp >&5
configure:3738: $? = 0
configure:3837: g++ -o conftest    conftest.cpp  >&5
configure:3840: $? = 0
configure:3846: ./conftest
configure:3849: $? = 0
configure:3866: result: yes
configure:3890: checking for sys/types.h
configure:3911: g++ -c   conftest.cpp >&5
configure:3917: $? = 0
configure:3933: result: yes
configure:3890: checking for sys/stat.h
configure:3911: g++ -c   conftest.cpp >&5
configure:3917: $? = 0
configure:3933: result: yes
configure:3890: checking for stdlib.h
configure:3911: g++ -c   conftest.cpp >&5
configure:3917: $? = 0
configure:3933: result: yes
configure:3890: checking for string.h
configure:3911: g++ -c   conftest.cpp >&5
configure:3917: $? = 0
configure:3933: result: yes
configure:3890: checking for memory.h
configure:3911: g++ -c   conftest.cpp >&5
configure:3917: $? = 0
configure:3933: result: yes
configure:3890: checking for strings.h
configure:3911: g++ -c   conftest.cpp >&5
configure:3917: $? = 0
configure:3933: result: yes
configure:3890: checking for inttypes.h
configure:3911: g++ -c   conftest.cpp >&5
configure:3917: $? = 0
configure:3933: result: yes
configure:3890: checking for stdint.h
configure:3911: g++ -c   conftest.cpp >&5
configure:3917: $? = 0
configure:3933: result: yes
configure:3890: checking for unistd.h
configure:3911: g++ -c   conftest.cpp >&5
configure:3917: $? = 0
configure:3933: result: yes
configure:3950: checking for unistd.h
configure:3956: result: yes
configure:4095: checking for inttypes.h
configure:4101: result: yes
configure:4235: checking whether g++ supports C++ style C headers (<cheader>)
configure:4278: g++ -c   conftest.cpp >&5
configure:4284: $? = 0
configure:4299: result: yes
configure:4327: checking boost/dynamic_bitset.hpp usability
configure:4344: g++ -c   conftest.cpp >&5
configure:4350: $? = 0
configure:4364: result: yes
configure:4368: checking boost/dynamic_bitset.hpp presence
configure:4383: g++ -E  conftest.cpp
configure:4389: $? = 0
configure:4403: result: yes
configure:4436: checking for boost/dynamic_bitset.hpp
configure:4444: result: yes
configure:4479: checking whether to build native library
configure:4498: result: yes
configure:4510: checking whether to build native library
configure:4529: result: no
configure:4545: checking whether DEVELOP mode is enabled
configure:4564: result: no
configure:4855: creating ./config.status

## ---------------------- ##
## Running config.status. ##
## ---------------------- ##

This file was extended by OpenAnalysis config.status 1.0, which was
generated by GNU Autoconf 2.61.  Invocation command line was

  CONFIG_FILES    = 
  CONFIG_HEADERS  = 
  CONFIG_LINKS    = 
  CONFIG_COMMANDS = 
  $ ./config.status 

on andre1.cs.rice.edu

config.status:643: creating Makefile
config.status:643: creating src/Makefile
config.status:643: creating src/OpenAnalysis/Makefile
config.status:827: executing depfiles commands

## ---------------- ##
## Cache variables. ##
## ---------------- ##

ac_cv_build=x86_64-unknown-linux-gnu
ac_cv_check_cxx_ctd_cheaders=yes
ac_cv_cxx_compiler_gnu=yes
ac_cv_env_CCC_set=
ac_cv_env_CCC_value=
ac_cv_env_CPPFLAGS_set=
ac_cv_env_CPPFLAGS_value=
ac_cv_env_CXXCPP_set=
ac_cv_env_CXXCPP_value=
ac_cv_env_CXXFLAGS_set=
ac_cv_env_CXXFLAGS_value=
ac_cv_env_CXX_set=
ac_cv_env_CXX_value=
ac_cv_env_LDFLAGS_set=
ac_cv_env_LDFLAGS_value=
ac_cv_env_LIBS_set=
ac_cv_env_LIBS_value=
ac_cv_env_build_alias_set=
ac_cv_env_build_alias_value=
ac_cv_env_host_alias_set=
ac_cv_env_host_alias_value=
ac_cv_env_target_alias_set=
ac_cv_env_target_alias_value=
ac_cv_header_boost_dynamic_bitset_hpp=yes
ac_cv_header_inttypes_h=yes
ac_cv_header_memory_h=yes
ac_cv_header_stdc=yes
ac_cv_header_stdint_h=yes
ac_cv_header_stdlib_h=yes
ac_cv_header_string_h=yes
ac_cv_header_strings_h=yes
ac_cv_header_sys_stat_h=yes
ac_cv_header_sys_types_h=yes
ac_cv_header_unistd_h=yes
ac_cv_host=x86_64-unknown-linux-gnu
ac_cv_objext=o
ac_cv_path_EGREP='/bin/grep -E'
ac_cv_path_GREP=/bin/grep
ac_cv_path_install='/usr/bin/install -c'
ac_cv_path_mkdir=/bin/mkdir
ac_cv_prog_AWK=gawk
ac_cv_prog_CXXCPP='g++ -E'
ac_cv_prog_ac_ct_CXX=g++
ac_cv_prog_ac_ct_RANLIB=ranlib
ac_cv_prog_cxx_g=yes
ac_cv_prog_make_make_set=yes
am_cv_CXX_dependencies_compiler_type=gcc3

## ----------------- ##
## Output variables. ##
## ----------------- ##

ACLOCAL='${SHELL} /data/home/garvin/research/OpenAnalysis/config/missing --run aclocal-1.10'
AMDEPBACKSLASH='\'
AMDEP_FALSE='#'
AMDEP_TRUE=''
AMTAR='${SHELL} /data/home/garvin/research/OpenAnalysis/config/missing --run tar'
AUTOCONF='${SHELL} /data/home/garvin/research/OpenAnalysis/config/missing --run autoconf'
AUTOHEADER='${SHELL} /data/home/garvin/research/OpenAnalysis/config/missing --run autoheader'
AUTOMAKE='${SHELL} /data/home/garvin/research/OpenAnalysis/config/missing --run automake-1.10'
AWK='gawk'
CPPFLAGS=''
CXX='g++'
CXXCPP='g++ -E'
CXXDEPMODE='depmode=gcc3'
CXXFLAGS=''
CYGPATH_W='echo'
DEFS='-DPACKAGE_NAME=\"OpenAnalysis\" -DPACKAGE_TARNAME=\"OpenAnalysis\" -DPACKAGE_VERSION=\"1.0\" -DPACKAGE_STRING=\"OpenAnalysis\ 1.0\" -DPACKAGE_BUGREPORT=\"openanalysis-dev@lists.berlios.de\" -DPACKAGE=\"OpenAnalysis\" -DVERSION=\"1.0\" -DSTDC_HEADERS=1 -DHAVE_SYS_TYPES_H=1 -DHAVE_SYS_STAT_H=1 -DHAVE_STDLIB_H=1 -DHAVE_STRING_H=1 -DHAVE_MEMORY_H=1 -DHAVE_STRINGS_H=1 -DHAVE_INTTYPES_H=1 -DHAVE_STDINT_H=1 -DHAVE_UNISTD_H=1 -DHAVE_UNISTD_H=1 -DHAVE_INTTYPES_H=1 -DHAVE_BOOST_DYNAMIC_BITSET_HPP=1'
DEPDIR='.deps'
ECHO_C=''
ECHO_N='-n'
ECHO_T=''
EGREP='/bin/grep -E'
EXEEXT=''
GREP='/bin/grep'
HOST_AR=''
HOST_CXXFLAGS=' -g -O2'
HOST_LIBADD=''
INSTALL_DATA='${INSTALL} -m 644'
INSTALL_PROGRAM='${INSTALL}'
INSTALL_SCRIPT='${INSTALL}'
INSTALL_STRIP_PROGRAM='$(install_sh) -c -s'
IS_HOST_AR_FALSE=''
IS_HOST_AR_TRUE='#'
LDFLAGS=''
LIBOBJS=''
LIBS=''
LTLIBOBJS=''
MAKEINFO='${SHELL} /data/home/garvin/research/OpenAnalysis/config/missing --run makeinfo'
OBJEXT='o'
OPT_ENABLE_DEVELOP_FALSE=''
OPT_ENABLE_DEVELOP_TRUE='#'
OPT_ENABLE_LIBCROSS_FALSE=''
OPT_ENABLE_LIBCROSS_TRUE='#'
OPT_ENABLE_LIBNATIVE_FALSE='#'
OPT_ENABLE_LIBNATIVE_TRUE=''
PACKAGE='OpenAnalysis'
PACKAGE_BUGREPORT='openanalysis-dev@lists.berlios.de'
PACKAGE_NAME='OpenAnalysis'
PACKAGE_STRING='OpenAnalysis 1.0'
PACKAGE_TARNAME='OpenAnalysis'
PACKAGE_VERSION='1.0'
PATH_SEPARATOR=':'
RANLIB='ranlib'
SET_MAKE=''
SHELL='/bin/sh'
STRIP=''
VERSION='1.0'
ac_ct_CXX='g++'
am__fastdepCXX_FALSE='#'
am__fastdepCXX_TRUE=''
am__include='include'
am__isrc=' -I$(srcdir)'
am__leading_dot='.'
am__quote=''
am__tar='${AMTAR} chof - "$$tardir"'
am__untar='${AMTAR} xf -'
bindir='${exec_prefix}/bin'
build='x86_64-unknown-linux-gnu'
build_alias=''
build_cpu='x86_64'
build_os='linux-gnu'
build_vendor='unknown'
datadir='${datarootdir}'
datarootdir='${prefix}/share'
docdir='${datarootdir}/doc/${PACKAGE_TARNAME}'
dvidir='${docdir}'
exec_prefix='${prefix}'
host='x86_64-unknown-linux-gnu'
host_alias=''
host_cpu='x86_64'
host_os='linux-gnu'
host_vendor='unknown'
htmldir='${docdir}'
includedir='${prefix}/include'
infodir='${datarootdir}/info'
install_sh='$(SHELL) /data/home/garvin/research/OpenAnalysis/config/install-sh'
libdir='${exec_prefix}/lib'
libexecdir='${exec_prefix}/libexec'
localedir='${datarootdir}/locale'
localstatedir='${prefix}/var'
mandir='${datarootdir}/man'
mkdir_p='/bin/mkdir -p'
oldincludedir='/usr/include'
pdfdir='${docdir}'
prefix='/data/home/garvin/research/OpenAnalysis/x86_64-Linux'
program_transform_name='s,x,x,'
psdir='${docdir}'
sbindir='${exec_prefix}/sbin'
sharedstatedir='${prefix}/com'
sysconfdir='${prefix}/etc'
target_alias=''

## ----------- ##
## confdefs.h. ##
## ----------- ##

#define PACKAGE_NAME "OpenAnalysis"
#define PACKAGE_TARNAME "OpenAnalysis"
#define PACKAGE_VERSION "1.0"
#define PACKAGE_STRING "OpenAnalysis 1.0"
#define PACKAGE_BUGREPORT "openanalysis-dev@lists.berlios.de"
#define PACKAGE "OpenAnalysis"
#define VERSION "1.0"
#define STDC_HEADERS 1
#define HAVE_SYS_TYPES_H 1
#define HAVE_SYS_STAT_H 1
#define HAVE_STDLIB_H 1
#define HAVE_STRING_H 1
#define HAVE_MEMORY_H 1
#define HAVE_STRINGS_H 1
#define HAVE_INTTYPES_H 1
#define HAVE_STDINT_H 1
#define HAVE_UNISTD_H 1
#define HAVE_UNISTD_H 1
#define HAVE_INTTYPES_H 1
#define HAVE_BOOST_DYNAMIC_BITSET_HPP 1

configure: exit 0
